2025-04-21 14:11:30,196 - INFO - Inicjalizacja ekranu startowego.
2025-04-21 14:11:30,196 - INFO - Tworzenie wid¿etów ekranu startowego.
2025-04-21 14:11:31,924 - DEBUG - Gracz 1 wybra³ nacjê: Niemcy
2025-04-21 14:11:31,924 - INFO - Gracz 1 pomyœlnie wybra³ nacjê: Niemcy
2025-04-21 14:11:33,269 - DEBUG - Gracz 2 wybra³ nacjê: Niemcy
2025-04-21 14:11:33,270 - INFO - Gracz 2 pomyœlnie wybra³ nacjê: Niemcy
2025-04-21 14:11:34,247 - DEBUG - Gracz 3 wybra³ nacjê: Niemcy
2025-04-21 14:11:34,247 - INFO - Gracz 3 pomyœlnie wybra³ nacjê: Niemcy
2025-04-21 14:11:35,186 - DEBUG - Gracz 4 wybra³ nacjê: Polska
2025-04-21 14:11:35,186 - INFO - Gracz 4 pomyœlnie wybra³ nacjê: Polska
2025-04-21 14:11:36,073 - DEBUG - Gracz 5 wybra³ nacjê: Polska
2025-04-21 14:11:36,073 - INFO - Gracz 5 pomyœlnie wybra³ nacjê: Polska
2025-04-21 14:11:36,883 - DEBUG - Gracz 6 wybra³ nacjê: Polska
2025-04-21 14:11:36,884 - INFO - Gracz 6 pomyœlnie wybra³ nacjê: Polska
2025-04-21 14:11:37,212 - INFO - Próba rozpoczêcia gry.
2025-04-21 14:11:44,721 - INFO - Próba rozpoczêcia gry.
2025-04-21 14:11:44,721 - DEBUG - Czas na turê dla gracza 1: 10
2025-04-21 14:11:44,722 - DEBUG - Czas na turê dla gracza 2: 4
2025-04-21 14:11:44,722 - DEBUG - Czas na turê dla gracza 3: 1
2025-04-21 14:11:44,722 - DEBUG - Czas na turê dla gracza 4: 10
2025-04-21 14:11:44,723 - DEBUG - Czas na turê dla gracza 5: 4
2025-04-21 14:11:44,723 - DEBUG - Czas na turê dla gracza 6: 1
2025-04-21 14:11:44,723 - INFO - Gra siê rozpoczyna.
2025-04-21 14:11:46,479 - DEBUG - STREAM b'IHDR' 16 13
2025-04-21 14:11:46,482 - DEBUG - STREAM b'caBX' 41 72810
2025-04-21 14:11:46,483 - DEBUG - b'caBX' 41 72810 (unknown)
2025-04-21 14:11:46,484 - DEBUG - STREAM b'IDAT' 72863 65536
2025-04-21 14:12:12,679 - DEBUG - STREAM b'IHDR' 16 13
2025-04-21 14:12:12,682 - DEBUG - STREAM b'caBX' 41 78182
2025-04-21 14:12:12,685 - DEBUG - b'caBX' 41 78182 (unknown)
2025-04-21 14:12:12,697 - DEBUG - STREAM b'IDAT' 78235 65536
2025-04-21 14:12:15,270 - DEBUG - STREAM b'IHDR' 16 13
2025-04-21 14:12:15,270 - DEBUG - STREAM b'caBX' 41 79587
2025-04-21 14:12:15,270 - DEBUG - b'caBX' 41 79587 (unknown)
2025-04-21 14:12:15,271 - DEBUG - STREAM b'IDAT' 79640 65536
2025-04-21 14:12:17,308 - DEBUG - STREAM b'IHDR' 16 13
2025-04-21 14:12:17,308 - DEBUG - STREAM b'caBX' 41 81584
2025-04-21 14:12:17,308 - DEBUG - b'caBX' 41 81584 (unknown)
2025-04-21 14:12:17,309 - DEBUG - STREAM b'IDAT' 81637 65536
2025-04-21 14:12:27,563 - DEBUG - STREAM b'IHDR' 16 13
2025-04-21 14:12:27,564 - DEBUG - STREAM b'caBX' 41 84704
2025-04-21 14:12:27,564 - DEBUG - b'caBX' 41 84704 (unknown)
2025-04-21 14:12:27,565 - DEBUG - STREAM b'IDAT' 84757 65536
2025-04-21 14:12:29,783 - DEBUG - STREAM b'IHDR' 16 13
2025-04-21 14:12:29,783 - DEBUG - STREAM b'caBX' 41 78579
2025-04-21 14:12:29,783 - DEBUG - b'caBX' 41 78579 (unknown)
2025-04-21 14:12:29,783 - DEBUG - STREAM b'IDAT' 78632 65536
2025-04-21 14:12:32,567 - DEBUG - STREAM b'IHDR' 16 13
2025-04-21 14:12:32,568 - DEBUG - STREAM b'caBX' 41 72810
2025-04-21 14:12:32,568 - DEBUG - b'caBX' 41 72810 (unknown)
2025-04-21 14:12:32,568 - DEBUG - STREAM b'IDAT' 72863 65536
2025-04-21 14:12:38,157 - DEBUG - STREAM b'IHDR' 16 13
2025-04-21 14:12:38,158 - DEBUG - STREAM b'caBX' 41 78182
2025-04-21 14:12:38,158 - DEBUG - b'caBX' 41 78182 (unknown)
2025-04-21 14:12:38,158 - DEBUG - STREAM b'IDAT' 78235 65536
2025-04-21 14:12:40,529 - DEBUG - STREAM b'IHDR' 16 13
2025-04-21 14:12:40,529 - DEBUG - STREAM b'caBX' 41 79587
2025-04-21 14:12:40,529 - DEBUG - b'caBX' 41 79587 (unknown)
2025-04-21 14:12:40,530 - DEBUG - STREAM b'IDAT' 79640 65536
2025-04-21 14:12:42,562 - DEBUG - STREAM b'IHDR' 16 13
2025-04-21 14:12:42,562 - DEBUG - STREAM b'caBX' 41 81584
2025-04-21 14:12:42,563 - DEBUG - b'caBX' 41 81584 (unknown)
2025-04-21 14:12:42,563 - DEBUG - STREAM b'IDAT' 81637 65536
